Vivado Simulator 2019.1
Copyright 1986-1999, 2001-2019 Xilinx, Inc. All Rights Reserved.
Running: /tools/Xilinx/Vivado/2019.1/bin/unwrapped/lnx64.o/xelab -wto a474823dcd144881a1d6bc608361c727 --incr --debug typical --relax --mt 8 -L xil_defaultlib -L secureip --snapshot Test_p1_2_func_synth xil_defaultlib.Test_p1_2 -log elaborate.log 
Using 8 slave threads.
Starting static elaboration
Completed static elaboration
Starting simulation data flow analysis
Completed simulation data flow analysis
Time Resolution for simulation is 1ps
Compiling package std.standard
Compiling package std.textio
Compiling package ieee.std_logic_1164
Compiling package ieee.numeric_std
Compiling package unisim.vcomponents
Compiling package ieee.vital_timing
Compiling package ieee.vital_primitives
Compiling package unisim.vpkg
Compiling package ieee.std_logic_arith
Compiling package ieee.std_logic_signed
Compiling package ieee.std_logic_textio
Compiling architecture lut2_v of entity unisim.LUT2 [\LUT2(init="1000")(0,3)\]
Compiling architecture lut2_v of entity unisim.LUT2 [\LUT2(init="0110")(0,3)\]
Compiling architecture structure of entity xil_defaultlib.\one_bit_adder__31\ [\one_bit_adder__31_default\]
Compiling architecture lut3_v of entity unisim.LUT3 [\LUT3(init="11101000")(0,7)\]
Compiling architecture lut3_v of entity unisim.LUT3 [\LUT3(init="10010110")(0,7)\]
Compiling architecture structure of entity xil_defaultlib.\one_bit_adder__30\ [\one_bit_adder__30_default\]
Compiling architecture structure of entity xil_defaultlib.\Two_bit_adder__15\ [\Two_bit_adder__15_default\]
Compiling architecture structure of entity xil_defaultlib.\one_bit_adder__29\ [\one_bit_adder__29_default\]
Compiling architecture structure of entity xil_defaultlib.\one_bit_adder__28\ [\one_bit_adder__28_default\]
Compiling architecture structure of entity xil_defaultlib.\Two_bit_adder__14\ [\Two_bit_adder__14_default\]
Compiling architecture structure of entity xil_defaultlib.\four_bit_adder__7\ [\four_bit_adder__7_default\]
Compiling architecture structure of entity xil_defaultlib.\one_bit_adder__27\ [\one_bit_adder__27_default\]
Compiling architecture structure of entity xil_defaultlib.\one_bit_adder__26\ [\one_bit_adder__26_default\]
Compiling architecture structure of entity xil_defaultlib.\Two_bit_adder__13\ [\Two_bit_adder__13_default\]
Compiling architecture structure of entity xil_defaultlib.\one_bit_adder__25\ [\one_bit_adder__25_default\]
Compiling architecture structure of entity xil_defaultlib.\one_bit_adder__24\ [\one_bit_adder__24_default\]
Compiling architecture structure of entity xil_defaultlib.\Two_bit_adder__12\ [\Two_bit_adder__12_default\]
Compiling architecture structure of entity xil_defaultlib.\four_bit_adder__6\ [\four_bit_adder__6_default\]
Compiling architecture structure of entity xil_defaultlib.\adder_8bit__3\ [\adder_8bit__3_default\]
Compiling architecture structure of entity xil_defaultlib.\one_bit_adder__23\ [\one_bit_adder__23_default\]
Compiling architecture structure of entity xil_defaultlib.\one_bit_adder__22\ [\one_bit_adder__22_default\]
Compiling architecture structure of entity xil_defaultlib.\Two_bit_adder__11\ [\Two_bit_adder__11_default\]
Compiling architecture structure of entity xil_defaultlib.\one_bit_adder__21\ [\one_bit_adder__21_default\]
Compiling architecture structure of entity xil_defaultlib.\one_bit_adder__20\ [\one_bit_adder__20_default\]
Compiling architecture structure of entity xil_defaultlib.\Two_bit_adder__10\ [\Two_bit_adder__10_default\]
Compiling architecture structure of entity xil_defaultlib.\four_bit_adder__5\ [\four_bit_adder__5_default\]
Compiling architecture structure of entity xil_defaultlib.\one_bit_adder__19\ [\one_bit_adder__19_default\]
Compiling architecture structure of entity xil_defaultlib.\one_bit_adder__18\ [\one_bit_adder__18_default\]
Compiling architecture structure of entity xil_defaultlib.\Two_bit_adder__9\ [\Two_bit_adder__9_default\]
Compiling architecture structure of entity xil_defaultlib.\one_bit_adder__17\ [\one_bit_adder__17_default\]
Compiling architecture structure of entity xil_defaultlib.\one_bit_adder__16\ [\one_bit_adder__16_default\]
Compiling architecture structure of entity xil_defaultlib.\Two_bit_adder__8\ [\Two_bit_adder__8_default\]
Compiling architecture structure of entity xil_defaultlib.\four_bit_adder__4\ [\four_bit_adder__4_default\]
Compiling architecture structure of entity xil_defaultlib.\adder_8bit__2\ [\adder_8bit__2_default\]
Compiling architecture structure of entity xil_defaultlib.\adder_16__1\ [\adder_16__1_default\]
Compiling architecture structure of entity xil_defaultlib.\one_bit_adder__15\ [\one_bit_adder__15_default\]
Compiling architecture structure of entity xil_defaultlib.\one_bit_adder__14\ [\one_bit_adder__14_default\]
Compiling architecture structure of entity xil_defaultlib.\Two_bit_adder__7\ [\Two_bit_adder__7_default\]
Compiling architecture structure of entity xil_defaultlib.\one_bit_adder__13\ [\one_bit_adder__13_default\]
Compiling architecture structure of entity xil_defaultlib.\one_bit_adder__12\ [\one_bit_adder__12_default\]
Compiling architecture structure of entity xil_defaultlib.\Two_bit_adder__6\ [\Two_bit_adder__6_default\]
Compiling architecture structure of entity xil_defaultlib.\four_bit_adder__3\ [\four_bit_adder__3_default\]
Compiling architecture structure of entity xil_defaultlib.\one_bit_adder__11\ [\one_bit_adder__11_default\]
Compiling architecture structure of entity xil_defaultlib.\one_bit_adder__10\ [\one_bit_adder__10_default\]
Compiling architecture structure of entity xil_defaultlib.\Two_bit_adder__5\ [\Two_bit_adder__5_default\]
Compiling architecture structure of entity xil_defaultlib.\one_bit_adder__9\ [\one_bit_adder__9_default\]
Compiling architecture structure of entity xil_defaultlib.\one_bit_adder__8\ [\one_bit_adder__8_default\]
Compiling architecture structure of entity xil_defaultlib.\Two_bit_adder__4\ [\Two_bit_adder__4_default\]
Compiling architecture structure of entity xil_defaultlib.\four_bit_adder__2\ [\four_bit_adder__2_default\]
Compiling architecture structure of entity xil_defaultlib.\adder_8bit__1\ [\adder_8bit__1_default\]
Compiling architecture structure of entity xil_defaultlib.\one_bit_adder__7\ [\one_bit_adder__7_default\]
Compiling architecture structure of entity xil_defaultlib.\one_bit_adder__6\ [\one_bit_adder__6_default\]
Compiling architecture structure of entity xil_defaultlib.\Two_bit_adder__3\ [\Two_bit_adder__3_default\]
Compiling architecture structure of entity xil_defaultlib.\one_bit_adder__5\ [\one_bit_adder__5_default\]
Compiling architecture structure of entity xil_defaultlib.\one_bit_adder__4\ [\one_bit_adder__4_default\]
Compiling architecture structure of entity xil_defaultlib.\Two_bit_adder__2\ [\Two_bit_adder__2_default\]
Compiling architecture structure of entity xil_defaultlib.\four_bit_adder__1\ [\four_bit_adder__1_default\]
Compiling architecture structure of entity xil_defaultlib.\one_bit_adder__3\ [\one_bit_adder__3_default\]
Compiling architecture structure of entity xil_defaultlib.\one_bit_adder__2\ [\one_bit_adder__2_default\]
Compiling architecture structure of entity xil_defaultlib.\Two_bit_adder__1\ [\Two_bit_adder__1_default\]
Compiling architecture structure of entity xil_defaultlib.\one_bit_adder__1\ [\one_bit_adder__1_default\]
Compiling architecture structure of entity xil_defaultlib.one_bit_adder [one_bit_adder_default]
Compiling architecture structure of entity xil_defaultlib.Two_bit_adder [two_bit_adder_default]
Compiling architecture structure of entity xil_defaultlib.four_bit_adder [four_bit_adder_default]
Compiling architecture structure of entity xil_defaultlib.adder_8bit [adder_8bit_default]
Compiling architecture structure of entity xil_defaultlib.adder_16 [adder_16_default]
Compiling architecture structure of entity xil_defaultlib.add_enable [add_enable_default]
Compiling architecture carry4_v of entity unisim.CARRY4 [carry4_default]
Compiling architecture lut1_v of entity unisim.LUT1 [\LUT1(init="0010")(0,3)\]
Compiling architecture structure of entity xil_defaultlib.two_complement [two_complement_default]
Compiling architecture structure of entity xil_defaultlib.adder_32 [adder_32_default]
Compiling architecture structure of entity xil_defaultlib.and_bit [and_bit_default]
Compiling architecture lut2_v of entity unisim.LUT2 [\LUT2(init="1110")(0,3)\]
Compiling architecture structure of entity xil_defaultlib.or_bit [or_bit_default]
Compiling architecture structure of entity xil_defaultlib.xor_bit [xor_bit_default]
Compiling architecture lut2_v of entity unisim.LUT2 [\LUT2(init="1101")(0,3)\]
Compiling architecture lut2_v of entity unisim.LUT2 [\LUT2(init="0010")(0,3)\]
Compiling architecture lut2_v of entity unisim.LUT2 [\LUT2(init="0001")(0,3)\]
Compiling architecture fdpe_v of entity unisim.FDPE [fdpe_default]
Compiling architecture fdce_v of entity unisim.FDCE [fdce_default]
Compiling architecture lut4_v of entity unisim.LUT4 [\LUT4(init="1001000000001001")(0...]
Compiling architecture lut4_v of entity unisim.LUT4 [\LUT4(init="0010111100000010")(0...]
Compiling architecture lut1_v of entity unisim.LUT1 [\LUT1(init="0001")(0,3)\]
Compiling architecture lut3_v of entity unisim.LUT3 [\LUT3(init="10101100")(0,7)\]
Compiling architecture lut6_v of entity unisim.LUT6 [\LUT6(init="10101111101000001100...]
Compiling architecture lut2_v of entity unisim.LUT2 [\LUT2(init="1001")(0,3)\]
Compiling architecture muxf7_v of entity unisim.MUXF7 [muxf7_default]
Compiling architecture fdce_v of entity unisim.FDCE [\FDCE(is_c_inverted='1')\]
Compiling architecture lut4_v of entity unisim.LUT4 [\LUT4(init="0000000011100100")(0...]
Compiling architecture structure of entity xil_defaultlib.div1 [div1_default]
Compiling architecture lut3_v of entity unisim.LUT3 [\LUT3(init="10111000")(0,7)\]
Compiling architecture lut4_v of entity unisim.LUT4 [\LUT4(init="1011111010000010")(0...]
Compiling architecture lut4_v of entity unisim.LUT4 [\LUT4(init="1110101100101000")(0...]
Compiling architecture structure of entity xil_defaultlib.Divider_module [divider_module_default]
Compiling architecture lut4_v of entity unisim.LUT4 [\LUT4(init="1110111101000000")(0...]
Compiling architecture lut5_v of entity unisim.LUT5 [\LUT5(init="10111000111111111011...]
Compiling architecture lut5_v of entity unisim.LUT5 [\LUT5(init="01110100111111111011...]
Compiling architecture lut6_v of entity unisim.LUT6 [\LUT6(init="11111111111111111111...]
Compiling architecture lut6_v of entity unisim.LUT6 [\LUT6(init="11111111111111111111...]
Compiling architecture lut2_v of entity unisim.LUT2 [\LUT2(init="1011")(0,3)\]
Compiling architecture lut6_v of entity unisim.LUT6 [\LUT6(init="00000000000000000000...]
Compiling architecture lut3_v of entity unisim.LUT3 [\LUT3(init="11101010")(0,7)\]
Compiling architecture lut4_v of entity unisim.LUT4 [\LUT4(init="0101110010101100")(0...]
Compiling architecture structure of entity xil_defaultlib.MUlT [mult_default]
Compiling architecture gnd_v of entity unisim.GND [gnd_default]
Compiling architecture lut4_v of entity unisim.LUT4 [\LUT4(init="0001000000000000")(0...]
Compiling architecture lut4_v of entity unisim.LUT4 [\LUT4(init="0100000000000000")(0...]
Compiling architecture lut4_v of entity unisim.LUT4 [\LUT4(init="1001111000011100")(0...]
Compiling architecture lut3_v of entity unisim.LUT3 [\LUT3(init="00000100")(0,7)\]
Compiling architecture structure of entity xil_defaultlib.demux [demux_default]
Compiling architecture ldce_v of entity unisim.LDCE [ldce_default]
Compiling architecture lut6_v of entity unisim.LUT6 [\LUT6(init="11111111111111111111...]
Compiling architecture lut6_v of entity unisim.LUT6 [\LUT6(init="11001111101011111100...]
Compiling architecture lut6_v of entity unisim.LUT6 [\LUT6(init="00001010000000000000...]
Compiling architecture lut6_v of entity unisim.LUT6 [\LUT6(init="11111111111111111111...]
Compiling architecture lut4_v of entity unisim.LUT4 [\LUT4(init="0000000001000000")(0...]
Compiling architecture structure of entity xil_defaultlib.set_less_module [set_less_module_default]
Compiling architecture lut6_v of entity unisim.LUT6 [\LUT6(init="00000000000000000000...]
Compiling architecture lut6_v of entity unisim.LUT6 [\LUT6(init="11111111000000000000...]
Compiling architecture lut6_v of entity unisim.LUT6 [\LUT6(init="10110000100000001111...]
Compiling architecture lut6_v of entity unisim.LUT6 [\LUT6(init="10111000101110000000...]
Compiling architecture lut6_v of entity unisim.LUT6 [\LUT6(init="00000000000000000000...]
Compiling architecture lut4_v of entity unisim.LUT4 [\LUT4(init="1010000011000000")(0...]
Compiling architecture lut5_v of entity unisim.LUT5 [\LUT5(init="10111000101110111011...]
Compiling architecture lut4_v of entity unisim.LUT4 [\LUT4(init="0000000010101100")(0...]
Compiling architecture lut6_v of entity unisim.LUT6 [\LUT6(init="10001000000000000000...]
Compiling architecture lut5_v of entity unisim.LUT5 [\LUT5(init="00110000101110110011...]
Compiling architecture lut6_v of entity unisim.LUT6 [\LUT6(init="10000000100000000000...]
Compiling architecture lut6_v of entity unisim.LUT6 [\LUT6(init="10101010101010100000...]
Compiling architecture lut6_v of entity unisim.LUT6 [\LUT6(init="11111100000011001111...]
Compiling architecture lut4_v of entity unisim.LUT4 [\LUT4(init="0000101000001100")(0...]
Compiling architecture lut6_v of entity unisim.LUT6 [\LUT6(init="00000000000000000000...]
Compiling architecture lut6_v of entity unisim.LUT6 [\LUT6(init="00110000101110110000...]
Compiling architecture lut5_v of entity unisim.LUT5 [\LUT5(init="00000000000010110000...]
Compiling architecture structure of entity xil_defaultlib.shift_left_module [shift_left_module_default]
Compiling architecture structure of entity xil_defaultlib.Shift_right_module [shift_right_module_default]
Compiling architecture lut5_v of entity unisim.LUT5 [\LUT5(init="10000000000000000000...]
Compiling architecture structure of entity xil_defaultlib.alu [alu_default]
Compiling architecture lut6_v of entity unisim.LUT6 [\LUT6(init="10101010101010101111...]
Compiling architecture lut6_v of entity unisim.LUT6 [\LUT6(init="00110000001100000010...]
Compiling architecture lut3_v of entity unisim.LUT3 [\LUT3(init="00110010")(0,7)\]
Compiling architecture lut3_v of entity unisim.LUT3 [\LUT3(init="11111110")(0,7)\]
Compiling architecture ldcp_v of entity unisim.LDCP [ldcp_default]
Compiling architecture lut4_v of entity unisim.LUT4 [\LUT4(init="1111111111011111")(0...]
Compiling architecture lut5_v of entity unisim.LUT5 [\LUT5(init="11111111111111111110...]
Compiling architecture lut6_v of entity unisim.LUT6 [\LUT6(init="00000000010000000000...]
Compiling architecture lut6_v of entity unisim.LUT6 [\LUT6(init="11111110111111111111...]
Compiling architecture lut6_v of entity unisim.LUT6 [\LUT6(init="00000000111110110000...]
Compiling architecture lut4_v of entity unisim.LUT4 [\LUT4(init="1000101011111111")(0...]
Compiling architecture lut6_v of entity unisim.LUT6 [\LUT6(init="11111111111111111111...]
Compiling architecture lut6_v of entity unisim.LUT6 [\LUT6(init="00000000000000000000...]
Compiling architecture structure of entity xil_defaultlib.alu_control [alu_control_default]
Compiling architecture structure of entity xil_defaultlib.mux_alu [mux_alu_default]
Compiling architecture obuf_v of entity unisim.OBUF [\OBUF(1,9)(1,7)(1,4)\]
Compiling architecture structure of entity xil_defaultlib.branch_and [branch_and_default]
Compiling architecture bufg_v of entity unisim.BUFG [bufg_default]
Compiling architecture ibuf_v of entity unisim.IBUF [\IBUF(1,9)(1,1)(1,4)(1,7)\]
Compiling architecture lut6_v of entity unisim.LUT6 [\LUT6(init="00100100000001000000...]
Compiling architecture lut6_v of entity unisim.LUT6 [\LUT6(init="00000000000000000000...]
Compiling architecture lut6_v of entity unisim.LUT6 [\LUT6(init="00000011000000001000...]
Compiling architecture lut6_v of entity unisim.LUT6 [\LUT6(init="00000000001000000000...]
Compiling architecture lut6_v of entity unisim.LUT6 [\LUT6(init="01000000000000000000...]
Compiling architecture lut6_v of entity unisim.LUT6 [\LUT6(init="00000000000100000001...]
Compiling architecture lut3_v of entity unisim.LUT3 [\LUT3(init="10000001")(0,7)\]
Compiling architecture lut4_v of entity unisim.LUT4 [\LUT4(init="0000000001000001")(0...]
Compiling architecture lut5_v of entity unisim.LUT5 [\LUT5(init="00001001000000000000...]
Compiling architecture lut3_v of entity unisim.LUT3 [\LUT3(init="01111000")(0,7)\]
Compiling architecture lut4_v of entity unisim.LUT4 [\LUT4(init="0111111110000000")(0...]
Compiling architecture lut5_v of entity unisim.LUT5 [\LUT5(init="01111111111111111000...]
Compiling architecture lut6_v of entity unisim.LUT6 [\LUT6(init="01111111111111111111...]
Compiling architecture fdre_v of entity unisim.FDRE [fdre_default]
Compiling architecture structure of entity xil_defaultlib.counter_module [counter_module_default]
Compiling architecture lut5_v of entity unisim.LUT5 [\LUT5(init="11111111111111111111...]
Compiling architecture lut3_v of entity unisim.LUT3 [\LUT3(init="00101000")(0,7)\]
Compiling architecture lut6_v of entity unisim.LUT6 [\LUT6(init="00001000100010000000...]
Compiling architecture lut6_v of entity unisim.LUT6 [\LUT6(init="00001000100000000000...]
Compiling architecture lut6_v of entity unisim.LUT6 [\LUT6(init="00100000000000000000...]
Compiling architecture lut6_v of entity unisim.LUT6 [\LUT6(init="00010000000000000000...]
Compiling architecture lut6_v of entity unisim.LUT6 [\LUT6(init="11110111111111111111...]
Compiling architecture lut6_v of entity unisim.LUT6 [\LUT6(init="11111111111111111111...]
Compiling architecture lut5_v of entity unisim.LUT5 [\LUT5(init="00100000111100000010...]
Compiling architecture lut5_v of entity unisim.LUT5 [\LUT5(init="11100111011101101100...]
Compiling architecture structure of entity xil_defaultlib.Control_Unit [control_unit_default]
Compiling architecture lut5_v of entity unisim.LUT5 [\LUT5(init="11101110111010001110...]
Compiling architecture lut5_v of entity unisim.LUT5 [\LUT5(init="11101000000101110001...]
Compiling architecture lut4_v of entity unisim.LUT4 [\LUT4(init="0110100110010110")(0...]
Compiling architecture lut6_v of entity unisim.LUT6 [\LUT6(init="01101001011010010110...]
Compiling architecture lut6_v of entity unisim.LUT6 [\LUT6(init="01101001100110011001...]
Compiling architecture lut4_v of entity unisim.LUT4 [\LUT4(init="0101011001101010")(0...]
Compiling architecture lut6_v of entity unisim.LUT6 [\LUT6(init="11100001100001111000...]
Compiling architecture structure of entity xil_defaultlib.Adder [adder_default]
Compiling architecture lut4_v of entity unisim.LUT4 [\LUT4(init="0000000000000010")(0...]
Compiling architecture lut4_v of entity unisim.LUT4 [\LUT4(init="0000001000000000")(0...]
Compiling architecture lut4_v of entity unisim.LUT4 [\LUT4(init="0000000010000000")(0...]
Compiling architecture lut4_v of entity unisim.LUT4 [\LUT4(init="1000000000000000")(0...]
Compiling architecture structure of entity xil_defaultlib.Register_Dot [register_dot_default]
Compiling architecture dsp48e1_v of entity unisim.DSP48E1 [\DSP48E1(acascreg=0,alumodereg=0...]
Compiling architecture dsp48e1_v of entity unisim.DSP48E1 [\DSP48E1(acascreg=0,alumodereg=0...]
Compiling architecture structure of entity xil_defaultlib.\multiplier__1\ [\multiplier__1_default\]
Compiling architecture structure of entity xil_defaultlib.\multiplier__2\ [\multiplier__2_default\]
Compiling architecture structure of entity xil_defaultlib.\multiplier__3\ [\multiplier__3_default\]
Compiling architecture structure of entity xil_defaultlib.multiplier [multiplier_default]
Compiling architecture structure of entity xil_defaultlib.Dot_prod_module [dot_prod_module_default]
Compiling architecture rb18_internal_vhdl_v of entity unisim.RB18_INTERNAL_VHDL [\RB18_INTERNAL_VHDL(bram_size=18...]
Compiling architecture ramb18e1_v of entity unisim.RAMB18E1 [\RAMB18E1(init_00="0010000000000...]
Compiling architecture structure of entity xil_defaultlib.instruction_block_module_blk_mem_gen_prim_wrapper_init [instruction_block_module_blk_mem...]
Compiling architecture structure of entity xil_defaultlib.instruction_block_module_blk_mem_gen_prim_width [instruction_block_module_blk_mem...]
Compiling architecture structure of entity xil_defaultlib.instruction_block_module_blk_mem_gen_generic_cstr [instruction_block_module_blk_mem...]
Compiling architecture structure of entity xil_defaultlib.instruction_block_module_blk_mem_gen_top [instruction_block_module_blk_mem...]
Compiling architecture structure of entity xil_defaultlib.instruction_block_module_blk_mem_gen_v8_4_3_synth [instruction_block_module_blk_mem...]
Compiling architecture structure of entity xil_defaultlib.instruction_block_module_blk_mem_gen_v8_4_3 [instruction_block_module_blk_mem...]
Compiling architecture structure of entity xil_defaultlib.instruction_block_module [instruction_block_module_default]
Compiling architecture structure of entity xil_defaultlib.mux_mem [mux_mem_default]
Compiling architecture lut3_v of entity unisim.LUT3 [\LUT3(init="01000000")(0,7)\]
Compiling architecture structure of entity xil_defaultlib.memory_block_module_bindec [memory_block_module_bindec_defau...]
Compiling architecture lut4_v of entity unisim.LUT4 [\LUT4(init="0000110010101100")(0...]
Compiling architecture structure of entity xil_defaultlib.memory_block_module_blk_mem_gen_mux [memory_block_module_blk_mem_gen_...]
Compiling architecture rb18_internal_vhdl_v of entity unisim.RB18_INTERNAL_VHDL [\RB18_INTERNAL_VHDL(bram_size=18...]
Compiling architecture ramb18e1_v of entity unisim.RAMB18E1 [\RAMB18E1(rdaddr_collision_hwcon...]
Compiling architecture structure of entity xil_defaultlib.memory_block_module_blk_mem_gen_prim_wrapper_init [memory_block_module_blk_mem_gen_...]
Compiling architecture structure of entity xil_defaultlib.memory_block_module_blk_mem_gen_prim_width [memory_block_module_blk_mem_gen_...]
Compiling architecture rb18_internal_vhdl_v of entity unisim.RB18_INTERNAL_VHDL [\RB18_INTERNAL_VHDL(bram_size=18...]
Compiling architecture ramb18e1_v of entity unisim.RAMB18E1 [\RAMB18E1(read_width_a=18,read_w...]
Compiling architecture structure of entity xil_defaultlib.\memory_block_module_blk_mem_gen_prim_wrapper_init__parameterized0\ [\memory_block_module_blk_mem_gen...]
Compiling architecture structure of entity xil_defaultlib.\memory_block_module_blk_mem_gen_prim_width__parameterized0\ [\memory_block_module_blk_mem_gen...]
Compiling architecture structure of entity xil_defaultlib.\memory_block_module_blk_mem_gen_prim_wrapper_init__parameterized1\ [\memory_block_module_blk_mem_gen...]
Compiling architecture structure of entity xil_defaultlib.\memory_block_module_blk_mem_gen_prim_width__parameterized1\ [\memory_block_module_blk_mem_gen...]
Compiling architecture structure of entity xil_defaultlib.memory_block_module_blk_mem_gen_generic_cstr [memory_block_module_blk_mem_gen_...]
Compiling architecture structure of entity xil_defaultlib.memory_block_module_blk_mem_gen_top [memory_block_module_blk_mem_gen_...]
Compiling architecture structure of entity xil_defaultlib.memory_block_module_blk_mem_gen_v8_4_3_synth [memory_block_module_blk_mem_gen_...]
Compiling architecture structure of entity xil_defaultlib.memory_block_module_blk_mem_gen_v8_4_3 [memory_block_module_blk_mem_gen_...]
Compiling architecture structure of entity xil_defaultlib.memory_block_module [memory_block_module_default]
Compiling architecture structure of entity xil_defaultlib.jump_mux [jump_mux_default]
Compiling architecture structure of entity xil_defaultlib.pc_mux [pc_mux_default]
Compiling architecture structure of entity xil_defaultlib.pc_main [pc_main_default]
Compiling architecture structure of entity xil_defaultlib.add_pc [add_pc_default]
Compiling architecture structure of entity xil_defaultlib.add_branch [add_branch_default]
Compiling architecture structure of entity xil_defaultlib.mux_reg [mux_reg_default]
Compiling architecture ram32m_v of entity unisim.RAM32M [ram32m_default]
Compiling architecture structure of entity xil_defaultlib.register_file [register_file_default]
Compiling architecture structure of entity xil_defaultlib.dot_mux_module [dot_mux_module_default]
Compiling architecture lut6_v of entity unisim.LUT6 [\LUT6(init="01111111111111111111...]
Compiling architecture lut2_v of entity unisim.LUT2 [\LUT2(init="0111")(0,3)\]
Compiling architecture structure of entity xil_defaultlib.zero_m [zero_m_default]
Compiling architecture structure of entity xil_defaultlib.processor [processor_default]
Compiling architecture behavior of entity xil_defaultlib.test_p1_2
Built simulation snapshot Test_p1_2_func_synth
