INFO: [VRFC 10-163] Analyzing VHDL file "/home/lab/JeevanS/processor-vivado/final_processor/processor/processor.sim/sim_1/synth/func/xsim/Test_p1_2_func_synth.vhd" into library xil_defaultlib
INFO: [VRFC 10-3107] analyzing entity 'Adder'
INFO: [VRFC 10-3107] analyzing entity 'MUlT'
INFO: [VRFC 10-3107] analyzing entity 'Register_Dot'
INFO: [VRFC 10-3107] analyzing entity 'Shift_right_module'
INFO: [VRFC 10-3107] analyzing entity 'add_branch'
INFO: [VRFC 10-3107] analyzing entity 'add_enable'
INFO: [VRFC 10-3107] analyzing entity 'add_pc'
INFO: [VRFC 10-3107] analyzing entity 'alu_control'
INFO: [VRFC 10-3107] analyzing entity 'and_bit'
INFO: [VRFC 10-3107] analyzing entity 'branch_and'
INFO: [VRFC 10-3107] analyzing entity 'counter_module'
INFO: [VRFC 10-3107] analyzing entity 'demux'
INFO: [VRFC 10-3107] analyzing entity 'div1'
INFO: [VRFC 10-3107] analyzing entity 'dot_mux_module'
INFO: [VRFC 10-3107] analyzing entity 'jump_mux'
INFO: [VRFC 10-3107] analyzing entity 'multiplier'
INFO: [VRFC 10-3107] analyzing entity '\multiplier__1\'
INFO: [VRFC 10-3107] analyzing entity '\multiplier__2\'
INFO: [VRFC 10-3107] analyzing entity '\multiplier__3\'
INFO: [VRFC 10-3107] analyzing entity 'mux_alu'
INFO: [VRFC 10-3107] analyzing entity 'mux_mem'
INFO: [VRFC 10-3107] analyzing entity 'mux_reg'
INFO: [VRFC 10-3107] analyzing entity 'one_bit_adder'
INFO: [VRFC 10-3107] analyzing entity '\one_bit_adder__1\'
INFO: [VRFC 10-3107] analyzing entity '\one_bit_adder__10\'
INFO: [VRFC 10-3107] analyzing entity '\one_bit_adder__11\'
INFO: [VRFC 10-3107] analyzing entity '\one_bit_adder__12\'
INFO: [VRFC 10-3107] analyzing entity '\one_bit_adder__13\'
INFO: [VRFC 10-3107] analyzing entity '\one_bit_adder__14\'
INFO: [VRFC 10-3107] analyzing entity '\one_bit_adder__15\'
INFO: [VRFC 10-3107] analyzing entity '\one_bit_adder__16\'
INFO: [VRFC 10-3107] analyzing entity '\one_bit_adder__17\'
INFO: [VRFC 10-3107] analyzing entity '\one_bit_adder__18\'
INFO: [VRFC 10-3107] analyzing entity '\one_bit_adder__19\'
INFO: [VRFC 10-3107] analyzing entity '\one_bit_adder__2\'
INFO: [VRFC 10-3107] analyzing entity '\one_bit_adder__20\'
INFO: [VRFC 10-3107] analyzing entity '\one_bit_adder__21\'
INFO: [VRFC 10-3107] analyzing entity '\one_bit_adder__22\'
INFO: [VRFC 10-3107] analyzing entity '\one_bit_adder__23\'
INFO: [VRFC 10-3107] analyzing entity '\one_bit_adder__24\'
INFO: [VRFC 10-3107] analyzing entity '\one_bit_adder__25\'
INFO: [VRFC 10-3107] analyzing entity '\one_bit_adder__26\'
INFO: [VRFC 10-3107] analyzing entity '\one_bit_adder__27\'
INFO: [VRFC 10-3107] analyzing entity '\one_bit_adder__28\'
INFO: [VRFC 10-3107] analyzing entity '\one_bit_adder__29\'
INFO: [VRFC 10-3107] analyzing entity '\one_bit_adder__3\'
INFO: [VRFC 10-3107] analyzing entity '\one_bit_adder__30\'
INFO: [VRFC 10-3107] analyzing entity '\one_bit_adder__31\'
INFO: [VRFC 10-3107] analyzing entity '\one_bit_adder__4\'
INFO: [VRFC 10-3107] analyzing entity '\one_bit_adder__5\'
INFO: [VRFC 10-3107] analyzing entity '\one_bit_adder__6\'
INFO: [VRFC 10-3107] analyzing entity '\one_bit_adder__7\'
INFO: [VRFC 10-3107] analyzing entity '\one_bit_adder__8\'
INFO: [VRFC 10-3107] analyzing entity '\one_bit_adder__9\'
INFO: [VRFC 10-3107] analyzing entity 'or_bit'
INFO: [VRFC 10-3107] analyzing entity 'pc_main'
INFO: [VRFC 10-3107] analyzing entity 'pc_mux'
INFO: [VRFC 10-3107] analyzing entity 'register_file'
INFO: [VRFC 10-3107] analyzing entity 'set_less_module'
INFO: [VRFC 10-3107] analyzing entity 'shift_left_module'
INFO: [VRFC 10-3107] analyzing entity 'two_complement'
INFO: [VRFC 10-3107] analyzing entity 'xor_bit'
INFO: [VRFC 10-3107] analyzing entity 'zero_m'
INFO: [VRFC 10-3107] analyzing entity 'instruction_block_module_blk_mem_gen_prim_wrapper_init'
INFO: [VRFC 10-3107] analyzing entity 'memory_block_module_bindec'
INFO: [VRFC 10-3107] analyzing entity 'memory_block_module_blk_mem_gen_mux'
INFO: [VRFC 10-3107] analyzing entity 'memory_block_module_blk_mem_gen_prim_wrapper_init'
INFO: [VRFC 10-3107] analyzing entity '\memory_block_module_blk_mem_gen_prim_wrapper_init__parameterized0\'
INFO: [VRFC 10-3107] analyzing entity '\memory_block_module_blk_mem_gen_prim_wrapper_init__parameterized1\'
INFO: [VRFC 10-3107] analyzing entity 'Control_Unit'
INFO: [VRFC 10-3107] analyzing entity 'Divider_module'
INFO: [VRFC 10-3107] analyzing entity 'Dot_prod_module'
INFO: [VRFC 10-3107] analyzing entity 'Two_bit_adder'
INFO: [VRFC 10-3107] analyzing entity '\Two_bit_adder__1\'
INFO: [VRFC 10-3107] analyzing entity '\Two_bit_adder__10\'
INFO: [VRFC 10-3107] analyzing entity '\Two_bit_adder__11\'
INFO: [VRFC 10-3107] analyzing entity '\Two_bit_adder__12\'
INFO: [VRFC 10-3107] analyzing entity '\Two_bit_adder__13\'
INFO: [VRFC 10-3107] analyzing entity '\Two_bit_adder__14\'
INFO: [VRFC 10-3107] analyzing entity '\Two_bit_adder__15\'
INFO: [VRFC 10-3107] analyzing entity '\Two_bit_adder__2\'
INFO: [VRFC 10-3107] analyzing entity '\Two_bit_adder__3\'
INFO: [VRFC 10-3107] analyzing entity '\Two_bit_adder__4\'
INFO: [VRFC 10-3107] analyzing entity '\Two_bit_adder__5\'
INFO: [VRFC 10-3107] analyzing entity '\Two_bit_adder__6\'
INFO: [VRFC 10-3107] analyzing entity '\Two_bit_adder__7\'
INFO: [VRFC 10-3107] analyzing entity '\Two_bit_adder__8\'
INFO: [VRFC 10-3107] analyzing entity '\Two_bit_adder__9\'
INFO: [VRFC 10-3107] analyzing entity 'instruction_block_module_blk_mem_gen_prim_width'
INFO: [VRFC 10-3107] analyzing entity 'memory_block_module_blk_mem_gen_prim_width'
INFO: [VRFC 10-3107] analyzing entity '\memory_block_module_blk_mem_gen_prim_width__parameterized0\'
INFO: [VRFC 10-3107] analyzing entity '\memory_block_module_blk_mem_gen_prim_width__parameterized1\'
INFO: [VRFC 10-3107] analyzing entity 'four_bit_adder'
INFO: [VRFC 10-3107] analyzing entity '\four_bit_adder__1\'
INFO: [VRFC 10-3107] analyzing entity '\four_bit_adder__2\'
INFO: [VRFC 10-3107] analyzing entity '\four_bit_adder__3\'
INFO: [VRFC 10-3107] analyzing entity '\four_bit_adder__4\'
INFO: [VRFC 10-3107] analyzing entity '\four_bit_adder__5\'
INFO: [VRFC 10-3107] analyzing entity '\four_bit_adder__6\'
INFO: [VRFC 10-3107] analyzing entity '\four_bit_adder__7\'
INFO: [VRFC 10-3107] analyzing entity 'instruction_block_module_blk_mem_gen_generic_cstr'
INFO: [VRFC 10-3107] analyzing entity 'memory_block_module_blk_mem_gen_generic_cstr'
INFO: [VRFC 10-3107] analyzing entity 'adder_8bit'
INFO: [VRFC 10-3107] analyzing entity '\adder_8bit__1\'
INFO: [VRFC 10-3107] analyzing entity '\adder_8bit__2\'
INFO: [VRFC 10-3107] analyzing entity '\adder_8bit__3\'
INFO: [VRFC 10-3107] analyzing entity 'instruction_block_module_blk_mem_gen_top'
INFO: [VRFC 10-3107] analyzing entity 'memory_block_module_blk_mem_gen_top'
INFO: [VRFC 10-3107] analyzing entity 'adder_16'
INFO: [VRFC 10-3107] analyzing entity '\adder_16__1\'
INFO: [VRFC 10-3107] analyzing entity 'instruction_block_module_blk_mem_gen_v8_4_3_synth'
INFO: [VRFC 10-3107] analyzing entity 'memory_block_module_blk_mem_gen_v8_4_3_synth'
INFO: [VRFC 10-3107] analyzing entity 'adder_32'
INFO: [VRFC 10-3107] analyzing entity 'instruction_block_module_blk_mem_gen_v8_4_3'
INFO: [VRFC 10-3107] analyzing entity 'memory_block_module_blk_mem_gen_v8_4_3'
INFO: [VRFC 10-3107] analyzing entity 'alu'
INFO: [VRFC 10-3107] analyzing entity 'instruction_block_module'
INFO: [VRFC 10-3107] analyzing entity 'memory_block_module'
INFO: [VRFC 10-3107] analyzing entity 'processor'
